<?xml version="1.0" encoding="UTF-8"?>
<!-- Generated by org.testng.reporters.JUnitReportReporter -->
<testsuite skipped="0" hostname="LAPTOP-BNCLIHRL" name="com.techjini.testcases.reviewOnTripAdvisor" tests="1" failures="0" timestamp="16 Jan 2020 07:09:19 GMT" time="21.968" errors="0">
  <testcase name="writeReview" time="21.968" classname="com.techjini.testcases.reviewOnTripAdvisor"/>
</testsuite> <!-- com.techjini.testcases.reviewOnTripAdvisor -->
