<?xml version="1.0" encoding="UTF-8"?>
<!-- Generated by org.testng.reporters.JUnitReportReporter -->
<testsuite skipped="0" hostname="LAPTOP-BNCLIHRL" name="com.techjini.testcases.comparePrice" tests="1" failures="0" timestamp="12 Jan 2020 18:43:24 GMT" time="22.738" errors="0">
  <testcase name="compareTest" time="22.738" classname="com.techjini.testcases.comparePrice"/>
</testsuite> <!-- com.techjini.testcases.comparePrice -->
