<?xml version="1.0" encoding="UTF-8"?>
<!-- Generated by org.testng.reporters.JUnitReportReporter -->
<testsuite skipped="0" hostname="LAPTOP-BNCLIHRL" name="com.techjini.testcases.comparePrice" tests="1" failures="0" timestamp="16 Jan 2020 07:09:19 GMT" time="21.814" errors="0">
  <testcase name="compareTest" time="21.814" classname="com.techjini.testcases.comparePrice"/>
</testsuite> <!-- com.techjini.testcases.comparePrice -->
