<?xml version="1.0" encoding="UTF-8"?>
<!-- Generated by org.testng.reporters.JUnitReportReporter -->
<testsuite skipped="0" hostname="LAPTOP-BNCLIHRL" name="com.techjini.testcases.reviewOnTripAdvisor" tests="1" failures="0" timestamp="12 Jan 2020 18:43:24 GMT" time="18.908" errors="0">
  <testcase name="writeReview" time="18.908" classname="com.techjini.testcases.reviewOnTripAdvisor"/>
</testsuite> <!-- com.techjini.testcases.reviewOnTripAdvisor -->
