<?xml version="1.0" encoding="UTF-8"?>
<!-- Generated by org.testng.reporters.JUnitReportReporter -->
<testsuite skipped="0" hostname="LAPTOP-BNCLIHRL" name="com.techjini.testcases.comparePrice" tests="1" failures="0" timestamp="11 Jan 2020 17:15:07 GMT" time="68.646" errors="0">
  <testcase name="compareTest" time="68.646" classname="com.techjini.testcases.comparePrice"/>
</testsuite> <!-- com.techjini.testcases.comparePrice -->
