<?xml version="1.0" encoding="UTF-8"?>
<!-- Generated by org.testng.reporters.JUnitReportReporter -->
<testsuite skipped="0" hostname="LAPTOP-BNCLIHRL" name="com.techjini.testcases.reviewOnTripAdvisor" tests="1" failures="0" timestamp="11 Jan 2020 17:15:07 GMT" time="11.637" errors="0">
  <testcase name="writeReview" time="11.637" classname="com.techjini.testcases.reviewOnTripAdvisor"/>
</testsuite> <!-- com.techjini.testcases.reviewOnTripAdvisor -->
